{"C:\\Users\\facundo.aguerre\\Documents\\nodejs\\nodejs-blog-app\\nodejs-blog-app\\config\\dev.js": {"path":"C:\\Users\\facundo.aguerre\\Documents\\nodejs\\nodejs-blog-app\\nodejs-blog-app\\config\\dev.js","statementMap":{"0":{"start":{"line":1,"column":0},"end":{"line":3,"column":1}}},"fnMap":{},"branchMap":{},"s":{"0":1},"f":{},"b":{},"_coverageSchema":"1a1c01bbd47fc00a2c39e90264f33305004495a9","hash":"7d6ca716a039e6da0bf13d40b46f0cacdd202af6"}
,"C:\\Users\\facundo.aguerre\\Documents\\nodejs\\nodejs-blog-app\\nodejs-blog-app\\models\\comment.js": {"path":"C:\\Users\\facundo.aguerre\\Documents\\nodejs\\nodejs-blog-app\\nodejs-blog-app\\models\\comment.js","statementMap":{"0":{"start":{"line":1,"column":17},"end":{"line":1,"column":36}},"1":{"start":{"line":2,"column":15},"end":{"line":2,"column":30}},"2":{"start":{"line":4,"column":16},"end":{"line":8,"column":2}},"3":{"start":{"line":10,"column":0},"end":{"line":10,"column":52}}},"fnMap":{},"branchMap":{},"s":{"0":1,"1":1,"2":1,"3":1},"f":{},"b":{},"_coverageSchema":"1a1c01bbd47fc00a2c39e90264f33305004495a9","hash":"b514414ccef5b6e649de3e59cb58918ad5587b49"}
,"C:\\Users\\facundo.aguerre\\Documents\\nodejs\\nodejs-blog-app\\nodejs-blog-app\\models\\post.js": {"path":"C:\\Users\\facundo.aguerre\\Documents\\nodejs\\nodejs-blog-app\\nodejs-blog-app\\models\\post.js","statementMap":{"0":{"start":{"line":1,"column":17},"end":{"line":1,"column":36}},"1":{"start":{"line":2,"column":15},"end":{"line":2,"column":30}},"2":{"start":{"line":3,"column":16},"end":{"line":3,"column":36}},"3":{"start":{"line":5,"column":13},"end":{"line":11,"column":2}},"4":{"start":{"line":13,"column":0},"end":{"line":13,"column":46}}},"fnMap":{},"branchMap":{},"s":{"0":1,"1":1,"2":1,"3":1,"4":1},"f":{},"b":{},"_coverageSchema":"1a1c01bbd47fc00a2c39e90264f33305004495a9","hash":"3b2566d7587d5c918f3e3872a08298b52b61374d"}
,"C:\\Users\\facundo.aguerre\\Documents\\nodejs\\nodejs-blog-app\\nodejs-blog-app\\models\\DTO\\obj_result.js": {"path":"C:\\Users\\facundo.aguerre\\Documents\\nodejs\\nodejs-blog-app\\nodejs-blog-app\\models\\DTO\\obj_result.js","statementMap":{"0":{"start":{"line":1,"column":15},"end":{"line":5,"column":1}},"1":{"start":{"line":7,"column":0},"end":{"line":7,"column":24}}},"fnMap":{},"branchMap":{},"s":{"0":1,"1":1},"f":{},"b":{},"_coverageSchema":"1a1c01bbd47fc00a2c39e90264f33305004495a9","hash":"2063247e8abfc0ae21af9a02034107e61bd657d4"}
,"C:\\Users\\facundo.aguerre\\Documents\\nodejs\\nodejs-blog-app\\nodejs-blog-app\\repository\\repository.js": {"path":"C:\\Users\\facundo.aguerre\\Documents\\nodejs\\nodejs-blog-app\\nodejs-blog-app\\repository\\repository.js","statementMap":{"0":{"start":{"line":1,"column":17},"end":{"line":1,"column":36}},"1":{"start":{"line":3,"column":0},"end":{"line":12,"column":1}},"2":{"start":{"line":4,"column":4},"end":{"line":11,"column":5}},"3":{"start":{"line":5,"column":20},"end":{"line":5,"column":35}},"4":{"start":{"line":6,"column":24},"end":{"line":6,"column":51}},"5":{"start":{"line":7,"column":8},"end":{"line":7,"column":96}},"6":{"start":{"line":8,"column":8},"end":{"line":8,"column":36}},"7":{"start":{"line":10,"column":8},"end":{"line":10,"column":26}},"8":{"start":{"line":15,"column":0},"end":{"line":18,"column":1}},"9":{"start":{"line":16,"column":4},"end":{"line":16,"column":45}},"10":{"start":{"line":17,"column":4},"end":{"line":17,"column":38}}},"fnMap":{"0":{"name":"(anonymous_0)","decl":{"start":{"line":3,"column":32},"end":{"line":3,"column":33}},"loc":{"start":{"line":3,"column":50},"end":{"line":12,"column":1}},"line":3},"1":{"name":"(anonymous_1)","decl":{"start":{"line":15,"column":31},"end":{"line":15,"column":32}},"loc":{"start":{"line":15,"column":43},"end":{"line":18,"column":1}},"line":15}},"branchMap":{},"s":{"0":1,"1":1,"2":1,"3":1,"4":1,"5":1,"6":1,"7":0,"8":1,"9":0,"10":0},"f":{"0":1,"1":0},"b":{},"_coverageSchema":"1a1c01bbd47fc00a2c39e90264f33305004495a9","hash":"b72d51f19e0991571a0b83bed4f0abdec7d28410"}
,"C:\\Users\\facundo.aguerre\\Documents\\nodejs\\nodejs-blog-app\\nodejs-blog-app\\services\\comments_logic.js": {"path":"C:\\Users\\facundo.aguerre\\Documents\\nodejs\\nodejs-blog-app\\nodejs-blog-app\\services\\comments_logic.js","statementMap":{"0":{"start":{"line":1,"column":21},"end":{"line":1,"column":49}},"1":{"start":{"line":2,"column":18},"end":{"line":2,"column":43}},"2":{"start":{"line":3,"column":15},"end":{"line":3,"column":50}},"3":{"start":{"line":5,"column":0},"end":{"line":16,"column":1}},"4":{"start":{"line":6,"column":17},"end":{"line":6,"column":23}},"5":{"start":{"line":7,"column":4},"end":{"line":15,"column":5}},"6":{"start":{"line":8,"column":23},"end":{"line":8,"column":48}},"7":{"start":{"line":9,"column":8},"end":{"line":9,"column":26}},"8":{"start":{"line":10,"column":8},"end":{"line":10,"column":30}},"9":{"start":{"line":11,"column":8},"end":{"line":11,"column":29}},"10":{"start":{"line":12,"column":8},"end":{"line":12,"column":21}},"11":{"start":{"line":14,"column":8},"end":{"line":14,"column":38}},"12":{"start":{"line":18,"column":0},"end":{"line":29,"column":1}},"13":{"start":{"line":19,"column":17},"end":{"line":19,"column":23}},"14":{"start":{"line":20,"column":4},"end":{"line":28,"column":5}},"15":{"start":{"line":21,"column":22},"end":{"line":21,"column":53}},"16":{"start":{"line":22,"column":8},"end":{"line":22,"column":42}},"17":{"start":{"line":23,"column":8},"end":{"line":23,"column":46}},"18":{"start":{"line":24,"column":8},"end":{"line":24,"column":70}},"19":{"start":{"line":25,"column":8},"end":{"line":25,"column":21}},"20":{"start":{"line":27,"column":8},"end":{"line":27,"column":38}},"21":{"start":{"line":31,"column":0},"end":{"line":42,"column":1}},"22":{"start":{"line":32,"column":17},"end":{"line":32,"column":23}},"23":{"start":{"line":33,"column":4},"end":{"line":41,"column":5}},"24":{"start":{"line":34,"column":22},"end":{"line":34,"column":53}},"25":{"start":{"line":35,"column":8},"end":{"line":35,"column":26}},"26":{"start":{"line":36,"column":8},"end":{"line":36,"column":29}},"27":{"start":{"line":37,"column":8},"end":{"line":37,"column":29}},"28":{"start":{"line":38,"column":8},"end":{"line":38,"column":21}},"29":{"start":{"line":40,"column":8},"end":{"line":40,"column":38}},"30":{"start":{"line":44,"column":0},"end":{"line":55,"column":1}},"31":{"start":{"line":45,"column":17},"end":{"line":45,"column":23}},"32":{"start":{"line":46,"column":4},"end":{"line":54,"column":5}},"33":{"start":{"line":47,"column":22},"end":{"line":47,"column":78}},"34":{"start":{"line":48,"column":8},"end":{"line":48,"column":42}},"35":{"start":{"line":49,"column":8},"end":{"line":49,"column":46}},"36":{"start":{"line":50,"column":8},"end":{"line":50,"column":70}},"37":{"start":{"line":51,"column":8},"end":{"line":51,"column":21}},"38":{"start":{"line":53,"column":8},"end":{"line":53,"column":38}}},"fnMap":{"0":{"name":"(anonymous_0)","decl":{"start":{"line":5,"column":21},"end":{"line":5,"column":22}},"loc":{"start":{"line":5,"column":39},"end":{"line":16,"column":1}},"line":5},"1":{"name":"(anonymous_1)","decl":{"start":{"line":18,"column":25},"end":{"line":18,"column":26}},"loc":{"start":{"line":18,"column":45},"end":{"line":29,"column":1}},"line":18},"2":{"name":"(anonymous_2)","decl":{"start":{"line":31,"column":21},"end":{"line":31,"column":22}},"loc":{"start":{"line":31,"column":43},"end":{"line":42,"column":1}},"line":31},"3":{"name":"(anonymous_3)","decl":{"start":{"line":44,"column":24},"end":{"line":44,"column":25}},"loc":{"start":{"line":44,"column":51},"end":{"line":55,"column":1}},"line":44}},"branchMap":{"0":{"loc":{"start":{"line":22,"column":22},"end":{"line":22,"column":41}},"type":"cond-expr","locations":[{"start":{"line":22,"column":32},"end":{"line":22,"column":35}},{"start":{"line":22,"column":38},"end":{"line":22,"column":41}}],"line":22},"1":{"loc":{"start":{"line":23,"column":22},"end":{"line":23,"column":46}},"type":"cond-expr","locations":[{"start":{"line":23,"column":32},"end":{"line":23,"column":39}},{"start":{"line":23,"column":42},"end":{"line":23,"column":46}}],"line":23},"2":{"loc":{"start":{"line":24,"column":25},"end":{"line":24,"column":70}},"type":"cond-expr","locations":[{"start":{"line":24,"column":35},"end":{"line":24,"column":39}},{"start":{"line":24,"column":42},"end":{"line":24,"column":70}}],"line":24},"3":{"loc":{"start":{"line":48,"column":22},"end":{"line":48,"column":41}},"type":"cond-expr","locations":[{"start":{"line":48,"column":32},"end":{"line":48,"column":35}},{"start":{"line":48,"column":38},"end":{"line":48,"column":41}}],"line":48},"4":{"loc":{"start":{"line":49,"column":22},"end":{"line":49,"column":46}},"type":"cond-expr","locations":[{"start":{"line":49,"column":32},"end":{"line":49,"column":39}},{"start":{"line":49,"column":42},"end":{"line":49,"column":46}}],"line":49},"5":{"loc":{"start":{"line":50,"column":25},"end":{"line":50,"column":70}},"type":"cond-expr","locations":[{"start":{"line":50,"column":35},"end":{"line":50,"column":39}},{"start":{"line":50,"column":42},"end":{"line":50,"column":70}}],"line":50}},"s":{"0":1,"1":1,"2":1,"3":1,"4":2,"5":2,"6":2,"7":2,"8":2,"9":2,"10":2,"11":0,"12":1,"13":1,"14":1,"15":1,"16":1,"17":1,"18":1,"19":1,"20":0,"21":1,"22":0,"23":0,"24":0,"25":0,"26":0,"27":0,"28":0,"29":0,"30":1,"31":0,"32":0,"33":0,"34":0,"35":0,"36":0,"37":0,"38":0},"f":{"0":2,"1":1,"2":0,"3":0},"b":{"0":[1,0],"1":[1,0],"2":[1,0],"3":[0,0],"4":[0,0],"5":[0,0]},"_coverageSchema":"1a1c01bbd47fc00a2c39e90264f33305004495a9","hash":"9ea40f3409cbd56ae810a4028460cdbf5634269e"}
}
